This is pdfTeX, Version 3.141592653-2.6-1.40.22 (TeX Live 2021/W32TeX) (preloaded format=pdflatex 2021.4.12)  20 APR 2021 16:53
entering extended mode
 restricted \write18 enabled.
 %&-line parsing enabled.
**kmeans1a.tex
(./kmeans1a.tex
LaTeX2e <2020-10-01> patch level 4
L3 programming layer <2021-02-18>
(c:/Users/MINEDUCYT/AppData/Roaming/TinyTeX/texmf-dist/tex/latex/base/article.c
ls
Document Class: article 2020/04/10 v1.4m Standard LaTeX document class

(c:/Users/MINEDUCYT/AppData/Roaming/TinyTeX/texmf-dist/tex/latex/base/size10.cl
o
File: size10.clo 2020/04/10 v1.4m Standard LaTeX file (size option)
)
\c@part=\count179
\c@section=\count180
\c@subsection=\count181
\c@subsubsection=\count182
\c@paragraph=\count183
\c@subparagraph=\count184
\c@figure=\count185
\c@table=\count186
\abovecaptionskip=\skip47
\belowcaptionskip=\skip48
\bibindent=\dimen138
)
(c:/Users/MINEDUCYT/AppData/Roaming/TinyTeX/texmf-dist/tex/latex/graphics/graph
icx.sty
Package: graphicx 2020/09/09 v1.2b Enhanced LaTeX Graphics (DPC,SPQR)

(c:/Users/MINEDUCYT/AppData/Roaming/TinyTeX/texmf-dist/tex/latex/graphics/keyva
l.sty
Package: keyval 2014/10/28 v1.15 key=value parser (DPC)
\KV@toks@=\toks15
)
(c:/Users/MINEDUCYT/AppData/Roaming/TinyTeX/texmf-dist/tex/latex/graphics/graph
ics.sty
Package: graphics 2020/08/30 v1.4c Standard LaTeX Graphics (DPC,SPQR)

(c:/Users/MINEDUCYT/AppData/Roaming/TinyTeX/texmf-dist/tex/latex/graphics/trig.
sty
Package: trig 2016/01/03 v1.10 sin cos tan (DPC)
)
(c:/Users/MINEDUCYT/AppData/Roaming/TinyTeX/texmf-dist/tex/latex/graphics-cfg/g
raphics.cfg
File: graphics.cfg 2016/06/04 v1.11 sample graphics configuration
)
Package graphics Info: Driver file: pdftex.def on input line 105.

(c:/Users/MINEDUCYT/AppData/Roaming/TinyTeX/texmf-dist/tex/latex/graphics-def/p
dftex.def
File: pdftex.def 2020/10/05 v1.2a Graphics/color driver for pdftex
))
\Gin@req@height=\dimen139
\Gin@req@width=\dimen140
)
(c:/Users/MINEDUCYT/AppData/Roaming/TinyTeX/texmf-dist/tex/latex/graphics/color
.sty
Package: color 2020/02/24 v1.2b Standard LaTeX Color (DPC)

(c:/Users/MINEDUCYT/AppData/Roaming/TinyTeX/texmf-dist/tex/latex/graphics-cfg/c
olor.cfg
File: color.cfg 2016/01/02 v1.6 sample color configuration
)
Package color Info: Driver file: pdftex.def on input line 147.
)
(c:/Users/MINEDUCYT/AppData/Roaming/TinyTeX/texmf-dist/tex/latex/framed/framed.
sty
Package: framed 2011/10/22 v 0.96: framed or shaded text with page breaks
\OuterFrameSep=\skip49
\fb@frw=\dimen141
\fb@frh=\dimen142
\FrameRule=\dimen143
\FrameSep=\dimen144
)
(c:/Users/MINEDUCYT/AppData/Roaming/TinyTeX/texmf-dist/tex/latex/base/alltt.sty
Package: alltt 1997/06/16 v2.0g defines alltt environment
)
(c:/Users/MINEDUCYT/AppData/Roaming/TinyTeX/texmf-dist/tex/latex/l3backend/l3ba
ckend-pdftex.def
File: l3backend-pdftex.def 2021-03-18 L3 backend support: PDF output (pdfTeX)
\l__color_backend_stack_int=\count187
\l__pdf_internal_box=\box47
) (./kmeans1a.aux)
\openout1 = `kmeans1a.aux'.

LaTeX Font Info:    Checking defaults for OML/cmm/m/it on input line 53.
LaTeX Font Info:    ... okay on input line 53.
LaTeX Font Info:    Checking defaults for OMS/cmsy/m/n on input line 53.
LaTeX Font Info:    ... okay on input line 53.
LaTeX Font Info:    Checking defaults for OT1/cmr/m/n on input line 53.
LaTeX Font Info:    ... okay on input line 53.
LaTeX Font Info:    Checking defaults for T1/cmr/m/n on input line 53.
LaTeX Font Info:    ... okay on input line 53.
LaTeX Font Info:    Checking defaults for TS1/cmr/m/n on input line 53.
LaTeX Font Info:    ... okay on input line 53.
LaTeX Font Info:    Checking defaults for OMX/cmex/m/n on input line 53.
LaTeX Font Info:    ... okay on input line 53.
LaTeX Font Info:    Checking defaults for U/cmr/m/n on input line 53.
LaTeX Font Info:    ... okay on input line 53.

(c:/Users/MINEDUCYT/AppData/Roaming/TinyTeX/texmf-dist/tex/latex/epstopdf-pkg/e
pstopdf-base.sty
Package: epstopdf-base 2020-01-24 v2.11 Base part for package epstopdf
Package epstopdf-base Info: Redefining graphics rule for `.eps' on input line 4
85.

(c:/Users/MINEDUCYT/AppData/Roaming/TinyTeX/texmf-dist/tex/latex/latexconfig/ep
stopdf-sys.cfg
File: epstopdf-sys.cfg 2010/07/13 v1.3 Configuration of (r)epstopdf for TeX Liv
e
))
Package color Info: Redefining color shadecolor on input line 56.
LaTeX Font Info:    Font shape `OT1/cmtt/bx/n' in size <10> not available
(Font)              Font shape `OT1/cmtt/m/n' tried instead on input line 58.

Overfull \hbox (90.7462pt too wide) in paragraph at lines 63--63
\OT1/cmtt/m/it/10 ## -- Column specification ----------------------------------
---------------------- 
 []


Overfull \hbox (90.7462pt too wide) in paragraph at lines 77--77
[]\OT1/cmtt/m/n/10 ##   Pregnancies Glucose BloodPressure SkinThickness Insulin
   BMI DiabetesPedigre~[] 
 []


Overfull \hbox (90.7462pt too wide) in paragraph at lines 77--77
[]\OT1/cmtt/m/n/10 ##         <dbl>   <dbl>         <dbl>         <dbl>   <dbl>
 <dbl>            <dbl>[] 
 []


Overfull \hbox (90.7462pt too wide) in paragraph at lines 77--77
[]\OT1/cmtt/m/n/10 ## 1           6     148            72            35       0
  33.6            0.627[] 
 []


Overfull \hbox (90.7462pt too wide) in paragraph at lines 77--77
[]\OT1/cmtt/m/n/10 ## 2           1      85            66            29       0
  26.6            0.351[] 
 []


Overfull \hbox (90.7462pt too wide) in paragraph at lines 77--77
[]\OT1/cmtt/m/n/10 ## 3           8     183            64             0       0
  23.3            0.672[] 
 []


Overfull \hbox (90.7462pt too wide) in paragraph at lines 77--77
[]\OT1/cmtt/m/n/10 ## 4           1      89            66            23      94
  28.1            0.167[] 
 []


Overfull \hbox (85.49625pt too wide) in paragraph at lines 77--77
[]\OT1/cmtt/m/n/10 ## 5           0     137            40            35     168
  43.1            2.29[] 
 []


Overfull \hbox (90.7462pt too wide) in paragraph at lines 77--77
[]\OT1/cmtt/m/n/10 ## 6           5     116            74             0       0
  25.6            0.201[] 
 []

Package color Info: Redefining color shadecolor on input line 84.

Overfull \hbox (6.74693pt too wide) in paragraph at lines 105--105
[]\OT1/cmtt/m/n/10 ##    Pregnancies Glucose BloodPressure SkinThickness Insuli
n   BMI[] 
 []


Overfull \hbox (6.74693pt too wide) in paragraph at lines 105--105
[]\OT1/cmtt/m/n/10 ##          <dbl>   <dbl>         <dbl>         <dbl>   <dbl
> <dbl>[] 
 []


Overfull \hbox (6.74693pt too wide) in paragraph at lines 105--105
[]\OT1/cmtt/m/n/10 ##  1           6     148            72            35       
0  33.6[] 
 []


Overfull \hbox (6.74693pt too wide) in paragraph at lines 105--105
[]\OT1/cmtt/m/n/10 ##  2           1      85            66            29       
0  26.6[] 
 []


Overfull \hbox (6.74693pt too wide) in paragraph at lines 105--105
[]\OT1/cmtt/m/n/10 ##  3           8     183            64             0       
0  23.3[] 
 []


Overfull \hbox (6.74693pt too wide) in paragraph at lines 105--105
[]\OT1/cmtt/m/n/10 ##  4           1      89            66            23      9
4  28.1[] 
 []


Overfull \hbox (6.74693pt too wide) in paragraph at lines 105--105
[]\OT1/cmtt/m/n/10 ##  5           0     137            40            35     16
8  43.1[] 
 []


Overfull \hbox (6.74693pt too wide) in paragraph at lines 105--105
[]\OT1/cmtt/m/n/10 ##  6           5     116            74             0       
0  25.6[] 
 []


Overfull \hbox (6.74693pt too wide) in paragraph at lines 105--105
[]\OT1/cmtt/m/n/10 ##  8          10     115             0             0       
0  35.3[] 
 []


Overfull \hbox (6.74693pt too wide) in paragraph at lines 105--105
[]\OT1/cmtt/m/n/10 ##  9           2     197            70            45     54
3  30.5[] 
 []


Overfull \hbox (85.49625pt too wide) in paragraph at lines 105--105
[]\OT1/cmtt/m/n/10 ## # ... with 758 more rows, and 3 more variables: DiabetesP
edigreeFunction <dbl>,[] 
 []

[1

{c:/Users/MINEDUCYT/AppData/Roaming/TinyTeX/texmf-var/fonts/map/pdftex/updmap/p
dftex.map}]
Package color Info: Redefining color shadecolor on input line 110.

Overfull \hbox (80.24629pt too wide) in paragraph at lines 138--138
[]\OT1/cmtt/m/n/10 ##       Pregnancies    Glucose BloodPressure SkinThickness 
   Insulin        BMI[] 
 []


Overfull \hbox (80.24629pt too wide) in paragraph at lines 138--138
[]\OT1/cmtt/m/n/10 ##  [1,]   0.6395305  0.8477713    0.14954330     0.9066791 
-0.6924393  0.2038799[] 
 []


Overfull \hbox (80.24629pt too wide) in paragraph at lines 138--138
[]\OT1/cmtt/m/n/10 ##  [2,]  -0.8443348 -1.1226647   -0.16044119     0.5305558 
-0.6924393 -0.6839762[] 
 []


Overfull \hbox (80.24629pt too wide) in paragraph at lines 138--138
[]\OT1/cmtt/m/n/10 ##  [3,]   1.2330766  1.9424580   -0.26376935    -1.2873733 
-0.6924393 -1.1025370[] 
 []


Overfull \hbox (80.24629pt too wide) in paragraph at lines 138--138
[]\OT1/cmtt/m/n/10 ##  [4,]  -0.8443348 -0.9975577   -0.16044119     0.1544326 
 0.1232213 -0.4937213[] 
 []


Overfull \hbox (80.24629pt too wide) in paragraph at lines 138--138
[]\OT1/cmtt/m/n/10 ##  [5,]  -1.1411079  0.5037269   -1.50370731     0.9066791 
 0.7653372  1.4088275[] 
 []


Overfull \hbox (80.24629pt too wide) in paragraph at lines 138--138
[]\OT1/cmtt/m/n/10 ##  [6,]   0.3427574 -0.1530851    0.25287146    -1.2873733 
-0.6924393 -0.8108128[] 
 []


Overfull \hbox (80.24629pt too wide) in paragraph at lines 138--138
[]\OT1/cmtt/m/n/10 ##  [7,]  -0.2507887 -1.3416021   -0.98706650     0.7186174 
 0.0711579 -0.1258952[] 
 []


Overfull \hbox (80.24629pt too wide) in paragraph at lines 138--138
[]\OT1/cmtt/m/n/10 ##  [8,]   1.8266227 -0.1843619   -3.57027057    -1.2873733 
-0.6924393  0.4195021[] 
 []


Overfull \hbox (80.24629pt too wide) in paragraph at lines 138--138
[]\OT1/cmtt/m/n/10 ##  [9,]  -0.5475618  2.3803327    0.04621514     1.5335512 
 4.0193026 -0.1893135[] 
 []


Overfull \hbox (80.24629pt too wide) in paragraph at lines 138--138
[]\OT1/cmtt/m/n/10 ## [10,]   1.2330766  0.1284058    1.38948126    -1.2873733 
-0.6924393 -4.0578295[] 
 []

Package color Info: Redefining color shadecolor on input line 143.

Overfull \hbox (1.49698pt too wide) in paragraph at lines 152--152
[]\OT1/cmtt/m/it/10 ## Welcome! Want to learn more? See two factoextra-related 
books
 []

Package color Info: Redefining color shadecolor on input line 156.

Overfull \hbox (11.99689pt too wide) in paragraph at lines 162--162
[]\OT1/cmtt/m/n/10 ## Error in match.arg(method): 'arg' should be one of "silho
uette",
 []

[2]
<figure/unnamed-chunk-5-1.pdf, id=12, 505.89pt x 505.89pt>
File: figure/unnamed-chunk-5-1.pdf Graphic file (type pdf)
<use figure/unnamed-chunk-5-1.pdf>
Package pdftex.def Info: figure/unnamed-chunk-5-1.pdf  used on input line 168.
(pdftex.def)             Requested size: 345.0pt x 345.00414pt.

Overfull \hbox (15.0pt too wide) in paragraph at lines 168--170
[][]
 []

[3 <./figure/unnamed-chunk-5-1.pdf>] (./kmeans1a.aux) ) 
Here is how much of TeX's memory you used:
 1020 strings out of 480954
 16872 string characters out of 5905582
 319051 words of memory out of 5000000
 18285 multiletter control sequences out of 15000+600000
 403766 words of font info for 29 fonts, out of 8000000 for 9000
 14 hyphenation exceptions out of 8191
 68i,5n,74p,557b,277s stack positions out of 5000i,500n,10000p,200000b,80000s
<c:/Users/MINEDUCYT/AppD
ata/Roaming/TinyTeX/texmf-dist/fonts/type1/public/amsfonts/cm/cmitt10.pfb><c:/U
sers/MINEDUCYT/AppData/Roaming/TinyTeX/texmf-dist/fonts/type1/public/amsfonts/c
m/cmr10.pfb><c:/Users/MINEDUCYT/AppData/Roaming/TinyTeX/texmf-dist/fonts/type1/
public/amsfonts/cm/cmtt10.pfb>
Output written on kmeans1a.pdf (3 pages, 46319 bytes).
PDF statistics:
 32 PDF objects out of 1000 (max. 8388607)
 21 compressed objects within 1 object stream
 0 named destinations out of 1000 (max. 500000)
 6 words of extra memory for PDF output out of 10000 (max. 10000000)

